{"name": "test_multiplication[notnumber]", "status": "failed", "statusDetails": {"message": "AssertionError: assert '333' == 'param should be number'\n  - param should be number\n  + 333", "trace": "self = <test.test_calculator_upgrade.TestCalculator object at 0x00000137466AD610>, get_instance = <src.calculator.Calculator object at 0x00000137465DF970>\nget_multiplication_data = ['3', 3, 'param should be number']\n\n    @allure.story(\"乘法计算子模块\")\n    @pytest.mark.run(order=3)\n    def test_multiplication(self, get_instance, get_multiplication_data):\n        result = None\n        try:\n            result = get_instance.multiplication(get_multiplication_data[0], get_multiplication_data[1])\n            # 判断结果的类型，如果是浮点数就强制保留n位，这里指定了8位，超出8位会报错\n            if isinstance(result, float):\n                result = round(result, 8)\n        except Exception as e:\n            print(e)\n>       assert result == get_multiplication_data[2]\nE       AssertionError: assert '333' == 'param should be number'\nE         - param should be number\nE         + 333\n\ntest_calculator_upgrade.py:66: AssertionError"}, "parameters": [{"name": "get_multiplication_data", "value": "['3', 3, 'param should be number']"}], "start": 1609654831049, "stop": 1609654831050, "uuid": "d7fefd1f-9480-437f-b373-6b8326186fa5", "historyId": "c44272550574a194ec6f202a7ed762f6", "testCaseId": "f3f7b4cc0da8c48a4aa6855e2f292de6", "fullName": "test.test_calculator_upgrade.TestCalculator#test_multiplication", "labels": [{"name": "story", "value": "乘法计算子模块"}, {"name": "feature", "value": "计算器功能模块"}, {"name": "tag", "value": "run(order=3)"}, {"name": "parentSuite", "value": "test"}, {"name": "suite", "value": "test_calculator_upgrade"}, {"name": "subSuite", "value": "TestCalculator"}, {"name": "host", "value": "T2-zhangyb"}, {"name": "thread", "value": "14028-MainThread"}, {"name": "framework", "value": "pytest"}, {"name": "language", "value": "cpython3"}, {"name": "package", "value": "test.test_calculator_upgrade"}]}